---------------------------------------------------------------
[ 2019-02-14T14:57:00+08:00 ] ::1 ::1 GET /
[ info ] localhost/ [运行时间：0.284121s][吞吐率：3.52req/s] [内存消耗：3,421.59kb] [文件加载：57]
[ info ] [ LANG ] /Users/ldx/WebstormProjects/luodexun/thinkphp/lang/zh-cn.php
[ info ] [ ROUTE ] array (
  'type' => 'module',
  'module' => 
  array (
    0 => '',
    1 => NULL,
    2 => NULL,
  ),
)
[ info ] [ HEADER ] array (
  'host' => 'localhost',
  'connection' => 'keep-alive',
  'upgrade-insecure-requests' => '1',
  'user-agent' => 'Mozilla/5.0 (Macintosh; Intel Mac OS X 10_14_0) AppleWebKit/537.36 (KHTML, like Gecko) Chrome/69.0.3497.100 Safari/537.36',
  'accept' => 'text/html,application/xhtml+xml,application/xml;q=0.9,image/webp,image/apng,*/*;q=0.8',
  'accept-encoding' => 'gzip, deflate, br',
  'accept-language' => 'en-US,en;q=0.9,zh-CN;q=0.8,zh;q=0.7',
  'cookie' => 'Webstorm-b65bffee=f4a2faf8-b6a5-48b9-bfc9-4dddad95e535; _ga=GA1.1.266080130.1541411680',
)
[ info ] [ PARAM ] array (
)
[ info ] [ RUN ] app\index\controller\Index->index[ /Users/ldx/WebstormProjects/luodexun/application/index/controller/Index.php ]
[ info ] [ DB ] INIT mysql
[ info ] [ VIEW ] /Users/ldx/WebstormProjects/luodexun/public/../application/index/view/Index/index.html [ array (
  0 => 'data',
  1 => 'goods',
) ]
[ info ] [ RUN ] app\index\widget\Common->header[ /Users/ldx/WebstormProjects/luodexun/application/index/widget/Common.php ]
[ info ] [ VIEW ] /Users/ldx/WebstormProjects/luodexun/public/../application/index/view/Common/header.html [ array (
  0 => 'data',
  1 => 'goods',
  2 => 'nav',
) ]
[ info ] [ SESSION ] INIT array (
  'id' => '',
  'var_session_id' => '',
  'prefix' => 'think',
  'type' => '',
  'auto_start' => true,
)
[ info ] [ RUN ] app\index\widget\Common->footer[ /Users/ldx/WebstormProjects/luodexun/application/index/widget/Common.php ]
[ info ] [ VIEW ] /Users/ldx/WebstormProjects/luodexun/public/../application/index/view/Common/footer.html [ array (
  0 => 'data',
  1 => 'goods',
  2 => 'nav',
) ]
[ info ] [ LOG ] INIT File
[ sql ] [ DB ] CONNECT:[ UseTime:0.004314s ] mysql:host=127.0.0.1;port=3306;dbname=ldx;charset=utf8
[ sql ] [ SQL ] SHOW COLUMNS FROM `goods` [ RunTime:0.036094s ]
[ sql ] [ SQL ] SELECT `a`.`goods_id`,`a`.`goods_name`,`a`.`keywords`,`a`.`sell_price`,`a`.`market_price`,`a`.`store`,`d`.`image_id`,`d`.`is_face`,`d`.`image_m_url`,`a`.`is_hot`,`a`.`is_new` FROM `goods` `a` LEFT JOIN `image` `d` ON `d`.`goods_id`=`a`.`goods_id` WHERE  `d`.`is_face` = 1  AND `a`.`keywords` = '一米市集严选' LIMIT 8 [ RunTime:0.002411s ]
[ sql ] [ SQL ] SHOW COLUMNS FROM `cate` [ RunTime:0.001169s ]
[ sql ] [ SQL ] SELECT `id` FROM `cate` `a` WHERE  `level` = 0 [ RunTime:0.000823s ]
[ sql ] [ SQL ] SELECT `id` FROM `cate` WHERE  `pid` = 1 [ RunTime:0.000614s ]
[ sql ] [ SQL ] SELECT `id` FROM `cate` WHERE  `pid` = 2 [ RunTime:0.000411s ]
[ sql ] [ SQL ] SELECT `id` FROM `cate` WHERE  `pid` = 3 [ RunTime:0.000380s ]
[ sql ] [ SQL ] SELECT `id` FROM `cate` WHERE  `pid` = 4 [ RunTime:0.000618s ]
[ sql ] [ SQL ] SELECT `id` FROM `cate` WHERE  `pid` = 5 [ RunTime:0.000455s ]
[ sql ] [ SQL ] SELECT `id` FROM `cate` WHERE  `pid` = 6 [ RunTime:0.000421s ]
[ sql ] [ SQL ] SELECT `id` FROM `cate` WHERE  `pid` = 7 [ RunTime:0.000466s ]
[ sql ] [ SQL ] SELECT `id` FROM `cate` WHERE  `pid` = 8 [ RunTime:0.000419s ]
[ sql ] [ SQL ] SELECT `id` FROM `cate` WHERE  `pid` = 9 [ RunTime:0.000374s ]
[ sql ] [ SQL ] SELECT `id` FROM `cate` WHERE  `pid` = 63 [ RunTime:0.000536s ]
[ sql ] [ SQL ] SELECT `a`.`goods_id`,`a`.`goods_name`,`a`.`keywords`,`a`.`sell_price`,`a`.`market_price`,`a`.`store`,`d`.`image_id`,`d`.`is_face`,`d`.`image_m_url`,`a`.`is_hot`,`a`.`is_new` FROM `goods` `a` LEFT JOIN `image` `d` ON `d`.`goods_id`=`a`.`goods_id` WHERE  `a`.`cate_id` IN (10,11,12,13,14,15,16,17)  AND `d`.`is_face` = 1 LIMIT 8 [ RunTime:0.001424s ]
[ sql ] [ SQL ] SELECT `a`.`goods_id`,`a`.`goods_name`,`a`.`keywords`,`a`.`sell_price`,`a`.`market_price`,`a`.`store`,`d`.`image_id`,`d`.`is_face`,`d`.`image_m_url`,`a`.`is_hot`,`a`.`is_new` FROM `goods` `a` LEFT JOIN `image` `d` ON `d`.`goods_id`=`a`.`goods_id` WHERE  `a`.`cate_id` IN (18,19,20,21,22,23,24)  AND `d`.`is_face` = 1 LIMIT 8 [ RunTime:0.000693s ]
[ sql ] [ SQL ] SELECT `a`.`goods_id`,`a`.`goods_name`,`a`.`keywords`,`a`.`sell_price`,`a`.`market_price`,`a`.`store`,`d`.`image_id`,`d`.`is_face`,`d`.`image_m_url`,`a`.`is_hot`,`a`.`is_new` FROM `goods` `a` LEFT JOIN `image` `d` ON `d`.`goods_id`=`a`.`goods_id` WHERE  `a`.`cate_id` IN (25,26,27,28,29,30)  AND `d`.`is_face` = 1 LIMIT 8 [ RunTime:0.000667s ]
[ sql ] [ SQL ] SELECT `a`.`goods_id`,`a`.`goods_name`,`a`.`keywords`,`a`.`sell_price`,`a`.`market_price`,`a`.`store`,`d`.`image_id`,`d`.`is_face`,`d`.`image_m_url`,`a`.`is_hot`,`a`.`is_new` FROM `goods` `a` LEFT JOIN `image` `d` ON `d`.`goods_id`=`a`.`goods_id` WHERE  `a`.`cate_id` IN (31,32,33,34,35,36)  AND `d`.`is_face` = 1 LIMIT 8 [ RunTime:0.000707s ]
[ sql ] [ SQL ] SELECT `a`.`goods_id`,`a`.`goods_name`,`a`.`keywords`,`a`.`sell_price`,`a`.`market_price`,`a`.`store`,`d`.`image_id`,`d`.`is_face`,`d`.`image_m_url`,`a`.`is_hot`,`a`.`is_new` FROM `goods` `a` LEFT JOIN `image` `d` ON `d`.`goods_id`=`a`.`goods_id` WHERE  `a`.`cate_id` IN (37,38,39,40,41,42)  AND `d`.`is_face` = 1 LIMIT 8 [ RunTime:0.000798s ]
[ sql ] [ SQL ] SELECT `a`.`goods_id`,`a`.`goods_name`,`a`.`keywords`,`a`.`sell_price`,`a`.`market_price`,`a`.`store`,`d`.`image_id`,`d`.`is_face`,`d`.`image_m_url`,`a`.`is_hot`,`a`.`is_new` FROM `goods` `a` LEFT JOIN `image` `d` ON `d`.`goods_id`=`a`.`goods_id` WHERE  `a`.`cate_id` IN (43,44,45,46)  AND `d`.`is_face` = 1 LIMIT 8 [ RunTime:0.000681s ]
[ sql ] [ SQL ] SELECT `a`.`goods_id`,`a`.`goods_name`,`a`.`keywords`,`a`.`sell_price`,`a`.`market_price`,`a`.`store`,`d`.`image_id`,`d`.`is_face`,`d`.`image_m_url`,`a`.`is_hot`,`a`.`is_new` FROM `goods` `a` LEFT JOIN `image` `d` ON `d`.`goods_id`=`a`.`goods_id` WHERE  `a`.`cate_id` IN (47,48,49,50,51,52,53,54)  AND `d`.`is_face` = 1 LIMIT 8 [ RunTime:0.000653s ]
[ sql ] [ SQL ] SELECT `a`.`goods_id`,`a`.`goods_name`,`a`.`keywords`,`a`.`sell_price`,`a`.`market_price`,`a`.`store`,`d`.`image_id`,`d`.`is_face`,`d`.`image_m_url`,`a`.`is_hot`,`a`.`is_new` FROM `goods` `a` LEFT JOIN `image` `d` ON `d`.`goods_id`=`a`.`goods_id` WHERE  `a`.`cate_id` IN (55,56,57,58,59,60)  AND `d`.`is_face` = 1 LIMIT 8 [ RunTime:0.000717s ]
[ sql ] [ SQL ] SELECT `a`.`goods_id`,`a`.`goods_name`,`a`.`keywords`,`a`.`sell_price`,`a`.`market_price`,`a`.`store`,`d`.`image_id`,`d`.`is_face`,`d`.`image_m_url`,`a`.`is_hot`,`a`.`is_new` FROM `goods` `a` LEFT JOIN `image` `d` ON `d`.`goods_id`=`a`.`goods_id` WHERE  `a`.`cate_id` IN (61,62)  AND `d`.`is_face` = 1 LIMIT 8 [ RunTime:0.000800s ]
[ sql ] [ SQL ] SELECT `a`.`goods_id`,`a`.`goods_name`,`a`.`keywords`,`a`.`sell_price`,`a`.`market_price`,`a`.`store`,`d`.`image_id`,`d`.`is_face`,`d`.`image_m_url`,`a`.`is_hot`,`a`.`is_new` FROM `goods` `a` LEFT JOIN `image` `d` ON `d`.`goods_id`=`a`.`goods_id` WHERE  `a`.`cate_id` IN (64,65,66,67,68,69,70,71,72)  AND `d`.`is_face` = 1 LIMIT 8 [ RunTime:0.000779s ]
[ sql ] [ SQL ] SELECT `id`,`name` FROM `cate` WHERE  `level` = 0 [ RunTime:0.000488s ]
[ sql ] [ SQL ] SELECT `name` FROM `cate` WHERE  `pid` = 1 [ RunTime:0.000358s ]
[ sql ] [ SQL ] SELECT `name` FROM `cate` WHERE  `pid` = 2 [ RunTime:0.000345s ]
[ sql ] [ SQL ] SELECT `name` FROM `cate` WHERE  `pid` = 3 [ RunTime:0.000346s ]
[ sql ] [ SQL ] SELECT `name` FROM `cate` WHERE  `pid` = 4 [ RunTime:0.000378s ]
[ sql ] [ SQL ] SELECT `name` FROM `cate` WHERE  `pid` = 5 [ RunTime:0.000460s ]
[ sql ] [ SQL ] SELECT `name` FROM `cate` WHERE  `pid` = 6 [ RunTime:0.000399s ]
[ sql ] [ SQL ] SELECT `name` FROM `cate` WHERE  `pid` = 7 [ RunTime:0.000386s ]
[ sql ] [ SQL ] SELECT `name` FROM `cate` WHERE  `pid` = 8 [ RunTime:0.000361s ]
[ sql ] [ SQL ] SELECT `name` FROM `cate` WHERE  `pid` = 9 [ RunTime:0.000362s ]
[ sql ] [ SQL ] SELECT `name` FROM `cate` WHERE  `pid` = 63 [ RunTime:0.000373s ]
---------------------------------------------------------------
[ 2019-02-14T14:57:00+08:00 ] ::1 ::1 GET /static/index/animate.css
[ info ] localhost/static/index/animate.css [运行时间：0.086438s][吞吐率：11.57req/s] [内存消耗：1,403.66kb] [文件加载：37]
[ info ] [ LANG ] /Users/ldx/WebstormProjects/luodexun/thinkphp/lang/zh-cn.php
[ info ] [ ROUTE ] array (
  'type' => 'module',
  'module' => 
  array (
    0 => 'static',
    1 => 'index',
    2 => 'animate.css',
  ),
)
[ info ] [ HEADER ] array (
  'host' => 'localhost',
  'connection' => 'keep-alive',
  'user-agent' => 'Mozilla/5.0 (Macintosh; Intel Mac OS X 10_14_0) AppleWebKit/537.36 (KHTML, like Gecko) Chrome/69.0.3497.100 Safari/537.36',
  'accept' => 'text/css,*/*;q=0.1',
  'referer' => 'http://localhost/',
  'accept-encoding' => 'gzip, deflate, br',
  'accept-language' => 'en-US,en;q=0.9,zh-CN;q=0.8,zh;q=0.7',
  'cookie' => 'Webstorm-b65bffee=f4a2faf8-b6a5-48b9-bfc9-4dddad95e535; _ga=GA1.1.266080130.1541411680; PHPSESSID=tf8m4prg779op0ri80dd0d9a6s',
)
[ info ] [ PARAM ] array (
)
[ info ] [ LOG ] INIT File
---------------------------------------------------------------
[ 2019-02-14T14:57:00+08:00 ] ::1 ::1 GET /static/index/img/lunbo2.jpg
[ info ] localhost/static/index/img/lunbo2.jpg [运行时间：0.089849s][吞吐率：11.13req/s] [内存消耗：1,403.67kb] [文件加载：37]
[ info ] [ LANG ] /Users/ldx/WebstormProjects/luodexun/thinkphp/lang/zh-cn.php
[ info ] [ ROUTE ] array (
  'type' => 'module',
  'module' => 
  array (
    0 => 'static',
    1 => 'index',
    2 => 'img',
  ),
)
[ info ] [ HEADER ] array (
  'host' => 'localhost',
  'connection' => 'keep-alive',
  'user-agent' => 'Mozilla/5.0 (Macintosh; Intel Mac OS X 10_14_0) AppleWebKit/537.36 (KHTML, like Gecko) Chrome/69.0.3497.100 Safari/537.36',
  'accept' => 'image/webp,image/apng,image/*,*/*;q=0.8',
  'referer' => 'http://localhost/',
  'accept-encoding' => 'gzip, deflate, br',
  'accept-language' => 'en-US,en;q=0.9,zh-CN;q=0.8,zh;q=0.7',
  'cookie' => 'Webstorm-b65bffee=f4a2faf8-b6a5-48b9-bfc9-4dddad95e535; _ga=GA1.1.266080130.1541411680; PHPSESSID=tf8m4prg779op0ri80dd0d9a6s',
)
[ info ] [ PARAM ] array (
)
[ info ] [ LOG ] INIT File
---------------------------------------------------------------
[ 2019-02-14T14:57:00+08:00 ] ::1 ::1 GET /static/index/style/footer.css
[ info ] localhost/static/index/style/footer.css [运行时间：0.099926s][吞吐率：10.01req/s] [内存消耗：1,403.66kb] [文件加载：37]
[ info ] [ LANG ] /Users/ldx/WebstormProjects/luodexun/thinkphp/lang/zh-cn.php
[ info ] [ ROUTE ] array (
  'type' => 'module',
  'module' => 
  array (
    0 => 'static',
    1 => 'index',
    2 => 'style',
  ),
)
[ info ] [ HEADER ] array (
  'host' => 'localhost',
  'connection' => 'keep-alive',
  'user-agent' => 'Mozilla/5.0 (Macintosh; Intel Mac OS X 10_14_0) AppleWebKit/537.36 (KHTML, like Gecko) Chrome/69.0.3497.100 Safari/537.36',
  'accept' => 'text/css,*/*;q=0.1',
  'referer' => 'http://localhost/',
  'accept-encoding' => 'gzip, deflate, br',
  'accept-language' => 'en-US,en;q=0.9,zh-CN;q=0.8,zh;q=0.7',
  'cookie' => 'Webstorm-b65bffee=f4a2faf8-b6a5-48b9-bfc9-4dddad95e535; _ga=GA1.1.266080130.1541411680; PHPSESSID=tf8m4prg779op0ri80dd0d9a6s',
)
[ info ] [ PARAM ] array (
)
[ info ] [ LOG ] INIT File
---------------------------------------------------------------
[ 2019-02-14T14:57:00+08:00 ] ::1 ::1 GET /static/index/js/jquery-3.2.1.js
[ info ] localhost/static/index/js/jquery-3.2.1.js [运行时间：0.102248s][吞吐率：9.78req/s] [内存消耗：1,403.66kb] [文件加载：37]
[ info ] [ LANG ] /Users/ldx/WebstormProjects/luodexun/thinkphp/lang/zh-cn.php
[ info ] [ ROUTE ] array (
  'type' => 'module',
  'module' => 
  array (
    0 => 'static',
    1 => 'index',
    2 => 'js',
  ),
)
[ info ] [ HEADER ] array (
  'host' => 'localhost',
  'connection' => 'keep-alive',
  'user-agent' => 'Mozilla/5.0 (Macintosh; Intel Mac OS X 10_14_0) AppleWebKit/537.36 (KHTML, like Gecko) Chrome/69.0.3497.100 Safari/537.36',
  'accept' => '*/*',
  'referer' => 'http://localhost/',
  'accept-encoding' => 'gzip, deflate, br',
  'accept-language' => 'en-US,en;q=0.9,zh-CN;q=0.8,zh;q=0.7',
  'cookie' => 'Webstorm-b65bffee=f4a2faf8-b6a5-48b9-bfc9-4dddad95e535; _ga=GA1.1.266080130.1541411680; PHPSESSID=tf8m4prg779op0ri80dd0d9a6s',
)
[ info ] [ PARAM ] array (
)
[ info ] [ LOG ] INIT File
---------------------------------------------------------------
[ 2019-02-14T14:57:00+08:00 ] ::1 ::1 GET /static/index/style/header.css
[ info ] localhost/static/index/style/header.css [运行时间：0.110448s][吞吐率：9.05req/s] [内存消耗：1,403.66kb] [文件加载：37]
[ info ] [ LANG ] /Users/ldx/WebstormProjects/luodexun/thinkphp/lang/zh-cn.php
[ info ] [ ROUTE ] array (
  'type' => 'module',
  'module' => 
  array (
    0 => 'static',
    1 => 'index',
    2 => 'style',
  ),
)
[ info ] [ HEADER ] array (
  'host' => 'localhost',
  'connection' => 'keep-alive',
  'user-agent' => 'Mozilla/5.0 (Macintosh; Intel Mac OS X 10_14_0) AppleWebKit/537.36 (KHTML, like Gecko) Chrome/69.0.3497.100 Safari/537.36',
  'accept' => 'text/css,*/*;q=0.1',
  'referer' => 'http://localhost/',
  'accept-encoding' => 'gzip, deflate, br',
  'accept-language' => 'en-US,en;q=0.9,zh-CN;q=0.8,zh;q=0.7',
  'cookie' => 'Webstorm-b65bffee=f4a2faf8-b6a5-48b9-bfc9-4dddad95e535; _ga=GA1.1.266080130.1541411680; PHPSESSID=tf8m4prg779op0ri80dd0d9a6s',
)
[ info ] [ PARAM ] array (
)
[ info ] [ LOG ] INIT File
---------------------------------------------------------------
[ 2019-02-14T14:57:00+08:00 ] ::1 ::1 GET /static/index/img/lunbo1.jpg
[ info ] localhost/static/index/img/lunbo1.jpg [运行时间：0.029352s][吞吐率：34.07req/s] [内存消耗：1,403.67kb] [文件加载：37]
[ info ] [ LANG ] /Users/ldx/WebstormProjects/luodexun/thinkphp/lang/zh-cn.php
[ info ] [ ROUTE ] array (
  'type' => 'module',
  'module' => 
  array (
    0 => 'static',
    1 => 'index',
    2 => 'img',
  ),
)
[ info ] [ HEADER ] array (
  'host' => 'localhost',
  'connection' => 'keep-alive',
  'user-agent' => 'Mozilla/5.0 (Macintosh; Intel Mac OS X 10_14_0) AppleWebKit/537.36 (KHTML, like Gecko) Chrome/69.0.3497.100 Safari/537.36',
  'accept' => 'image/webp,image/apng,image/*,*/*;q=0.8',
  'referer' => 'http://localhost/',
  'accept-encoding' => 'gzip, deflate, br',
  'accept-language' => 'en-US,en;q=0.9,zh-CN;q=0.8,zh;q=0.7',
  'cookie' => 'Webstorm-b65bffee=f4a2faf8-b6a5-48b9-bfc9-4dddad95e535; _ga=GA1.1.266080130.1541411680; PHPSESSID=tf8m4prg779op0ri80dd0d9a6s',
)
[ info ] [ PARAM ] array (
)
[ info ] [ LOG ] INIT File
---------------------------------------------------------------
[ 2019-02-14T14:57:00+08:00 ] ::1 ::1 GET /static/index/img/lunbo5.jpg
[ info ] localhost/static/index/img/lunbo5.jpg [运行时间：0.027130s][吞吐率：36.86req/s] [内存消耗：1,403.67kb] [文件加载：37]
[ info ] [ LANG ] /Users/ldx/WebstormProjects/luodexun/thinkphp/lang/zh-cn.php
[ info ] [ ROUTE ] array (
  'type' => 'module',
  'module' => 
  array (
    0 => 'static',
    1 => 'index',
    2 => 'img',
  ),
)
[ info ] [ HEADER ] array (
  'host' => 'localhost',
  'connection' => 'keep-alive',
  'user-agent' => 'Mozilla/5.0 (Macintosh; Intel Mac OS X 10_14_0) AppleWebKit/537.36 (KHTML, like Gecko) Chrome/69.0.3497.100 Safari/537.36',
  'accept' => 'image/webp,image/apng,image/*,*/*;q=0.8',
  'referer' => 'http://localhost/',
  'accept-encoding' => 'gzip, deflate, br',
  'accept-language' => 'en-US,en;q=0.9,zh-CN;q=0.8,zh;q=0.7',
  'cookie' => 'Webstorm-b65bffee=f4a2faf8-b6a5-48b9-bfc9-4dddad95e535; _ga=GA1.1.266080130.1541411680; PHPSESSID=tf8m4prg779op0ri80dd0d9a6s',
)
[ info ] [ PARAM ] array (
)
[ info ] [ LOG ] INIT File
---------------------------------------------------------------
[ 2019-02-14T14:57:00+08:00 ] ::1 ::1 GET /static/index/js/jquery-3.2.1.js
[ info ] localhost/static/index/js/jquery-3.2.1.js [运行时间：0.058108s][吞吐率：17.21req/s] [内存消耗：1,403.66kb] [文件加载：37]
[ info ] [ LANG ] /Users/ldx/WebstormProjects/luodexun/thinkphp/lang/zh-cn.php
[ info ] [ ROUTE ] array (
  'type' => 'module',
  'module' => 
  array (
    0 => 'static',
    1 => 'index',
    2 => 'js',
  ),
)
[ info ] [ HEADER ] array (
  'host' => 'localhost',
  'connection' => 'keep-alive',
  'user-agent' => 'Mozilla/5.0 (Macintosh; Intel Mac OS X 10_14_0) AppleWebKit/537.36 (KHTML, like Gecko) Chrome/69.0.3497.100 Safari/537.36',
  'accept' => '*/*',
  'referer' => 'http://localhost/',
  'accept-encoding' => 'gzip, deflate, br',
  'accept-language' => 'en-US,en;q=0.9,zh-CN;q=0.8,zh;q=0.7',
  'cookie' => 'Webstorm-b65bffee=f4a2faf8-b6a5-48b9-bfc9-4dddad95e535; _ga=GA1.1.266080130.1541411680; PHPSESSID=tf8m4prg779op0ri80dd0d9a6s',
)
[ info ] [ PARAM ] array (
)
[ info ] [ LOG ] INIT File
---------------------------------------------------------------
[ 2019-02-14T14:57:00+08:00 ] ::1 ::1 GET /static/index/img/lunbo3.jpg
[ info ] localhost/static/index/img/lunbo3.jpg [运行时间：0.064794s][吞吐率：15.43req/s] [内存消耗：1,403.67kb] [文件加载：37]
[ info ] [ LANG ] /Users/ldx/WebstormProjects/luodexun/thinkphp/lang/zh-cn.php
[ info ] [ ROUTE ] array (
  'type' => 'module',
  'module' => 
  array (
    0 => 'static',
    1 => 'index',
    2 => 'img',
  ),
)
[ info ] [ HEADER ] array (
  'host' => 'localhost',
  'connection' => 'keep-alive',
  'user-agent' => 'Mozilla/5.0 (Macintosh; Intel Mac OS X 10_14_0) AppleWebKit/537.36 (KHTML, like Gecko) Chrome/69.0.3497.100 Safari/537.36',
  'accept' => 'image/webp,image/apng,image/*,*/*;q=0.8',
  'referer' => 'http://localhost/',
  'accept-encoding' => 'gzip, deflate, br',
  'accept-language' => 'en-US,en;q=0.9,zh-CN;q=0.8,zh;q=0.7',
  'cookie' => 'Webstorm-b65bffee=f4a2faf8-b6a5-48b9-bfc9-4dddad95e535; _ga=GA1.1.266080130.1541411680; PHPSESSID=tf8m4prg779op0ri80dd0d9a6s',
)
[ info ] [ PARAM ] array (
)
[ info ] [ LOG ] INIT File
---------------------------------------------------------------
[ 2019-02-14T14:57:00+08:00 ] ::1 ::1 GET /static/index/img/%E7%83%AD%E8%B4%AD.jpg
[ info ] localhost/static/index/img/%E7%83%AD%E8%B4%AD.jpg [运行时间：0.043296s][吞吐率：23.10req/s] [内存消耗：1,403.69kb] [文件加载：37]
[ info ] [ LANG ] /Users/ldx/WebstormProjects/luodexun/thinkphp/lang/zh-cn.php
[ info ] [ ROUTE ] array (
  'type' => 'module',
  'module' => 
  array (
    0 => 'static',
    1 => 'index',
    2 => 'img',
  ),
)
[ info ] [ HEADER ] array (
  'host' => 'localhost',
  'connection' => 'keep-alive',
  'user-agent' => 'Mozilla/5.0 (Macintosh; Intel Mac OS X 10_14_0) AppleWebKit/537.36 (KHTML, like Gecko) Chrome/69.0.3497.100 Safari/537.36',
  'accept' => 'image/webp,image/apng,image/*,*/*;q=0.8',
  'referer' => 'http://localhost/',
  'accept-encoding' => 'gzip, deflate, br',
  'accept-language' => 'en-US,en;q=0.9,zh-CN;q=0.8,zh;q=0.7',
  'cookie' => 'Webstorm-b65bffee=f4a2faf8-b6a5-48b9-bfc9-4dddad95e535; _ga=GA1.1.266080130.1541411680; PHPSESSID=tf8m4prg779op0ri80dd0d9a6s',
)
[ info ] [ PARAM ] array (
)
[ info ] [ LOG ] INIT File
---------------------------------------------------------------
[ 2019-02-14T14:57:00+08:00 ] ::1 ::1 GET /static/index/jquery-1.8.3.min.js
[ info ] localhost/static/index/jquery-1.8.3.min.js [运行时间：0.108621s][吞吐率：9.21req/s] [内存消耗：1,403.71kb] [文件加载：37]
[ info ] [ LANG ] /Users/ldx/WebstormProjects/luodexun/thinkphp/lang/zh-cn.php
[ info ] [ ROUTE ] array (
  'type' => 'module',
  'module' => 
  array (
    0 => 'static',
    1 => 'index',
    2 => 'jquery-1.8.3.min.js',
  ),
)
[ info ] [ HEADER ] array (
  'host' => 'localhost',
  'connection' => 'keep-alive',
  'user-agent' => 'Mozilla/5.0 (Macintosh; Intel Mac OS X 10_14_0) AppleWebKit/537.36 (KHTML, like Gecko) Chrome/69.0.3497.100 Safari/537.36',
  'accept' => '*/*',
  'referer' => 'http://localhost/',
  'accept-encoding' => 'gzip, deflate, br',
  'accept-language' => 'en-US,en;q=0.9,zh-CN;q=0.8,zh;q=0.7',
  'cookie' => 'Webstorm-b65bffee=f4a2faf8-b6a5-48b9-bfc9-4dddad95e535; _ga=GA1.1.266080130.1541411680; PHPSESSID=tf8m4prg779op0ri80dd0d9a6s',
)
[ info ] [ PARAM ] array (
)
[ info ] [ LOG ] INIT File
---------------------------------------------------------------
[ 2019-02-14T14:57:00+08:00 ] ::1 ::1 GET /static/index/img/ym_icon_increase.png
[ info ] localhost/static/index/img/ym_icon_increase.png [运行时间：0.026356s][吞吐率：37.94req/s] [内存消耗：1,403.70kb] [文件加载：37]
[ info ] [ LANG ] /Users/ldx/WebstormProjects/luodexun/thinkphp/lang/zh-cn.php
[ info ] [ ROUTE ] array (
  'type' => 'module',
  'module' => 
  array (
    0 => 'static',
    1 => 'index',
    2 => 'img',
  ),
)
[ info ] [ HEADER ] array (
  'host' => 'localhost',
  'connection' => 'keep-alive',
  'user-agent' => 'Mozilla/5.0 (Macintosh; Intel Mac OS X 10_14_0) AppleWebKit/537.36 (KHTML, like Gecko) Chrome/69.0.3497.100 Safari/537.36',
  'accept' => 'image/webp,image/apng,image/*,*/*;q=0.8',
  'referer' => 'http://localhost/',
  'accept-encoding' => 'gzip, deflate, br',
  'accept-language' => 'en-US,en;q=0.9,zh-CN;q=0.8,zh;q=0.7',
  'cookie' => 'Webstorm-b65bffee=f4a2faf8-b6a5-48b9-bfc9-4dddad95e535; _ga=GA1.1.266080130.1541411680; PHPSESSID=tf8m4prg779op0ri80dd0d9a6s',
)
[ info ] [ PARAM ] array (
)
[ info ] [ LOG ] INIT File
---------------------------------------------------------------
[ 2019-02-14T14:57:00+08:00 ] ::1 ::1 GET /static/index/img/lunbo6.jpg
[ info ] localhost/static/index/img/lunbo6.jpg [运行时间：0.043792s][吞吐率：22.84req/s] [内存消耗：1,403.67kb] [文件加载：37]
[ info ] [ LANG ] /Users/ldx/WebstormProjects/luodexun/thinkphp/lang/zh-cn.php
[ info ] [ ROUTE ] array (
  'type' => 'module',
  'module' => 
  array (
    0 => 'static',
    1 => 'index',
    2 => 'img',
  ),
)
[ info ] [ HEADER ] array (
  'host' => 'localhost',
  'connection' => 'keep-alive',
  'user-agent' => 'Mozilla/5.0 (Macintosh; Intel Mac OS X 10_14_0) AppleWebKit/537.36 (KHTML, like Gecko) Chrome/69.0.3497.100 Safari/537.36',
  'accept' => 'image/webp,image/apng,image/*,*/*;q=0.8',
  'referer' => 'http://localhost/',
  'accept-encoding' => 'gzip, deflate, br',
  'accept-language' => 'en-US,en;q=0.9,zh-CN;q=0.8,zh;q=0.7',
  'cookie' => 'Webstorm-b65bffee=f4a2faf8-b6a5-48b9-bfc9-4dddad95e535; _ga=GA1.1.266080130.1541411680; PHPSESSID=tf8m4prg779op0ri80dd0d9a6s',
)
[ info ] [ PARAM ] array (
)
[ info ] [ LOG ] INIT File
---------------------------------------------------------------
[ 2019-02-14T14:57:00+08:00 ] ::1 ::1 GET /static/index/img/lunbo4.jpg
[ info ] localhost/static/index/img/lunbo4.jpg [运行时间：0.103699s][吞吐率：9.64req/s] [内存消耗：1,403.67kb] [文件加载：37]
[ info ] [ LANG ] /Users/ldx/WebstormProjects/luodexun/thinkphp/lang/zh-cn.php
[ info ] [ ROUTE ] array (
  'type' => 'module',
  'module' => 
  array (
    0 => 'static',
    1 => 'index',
    2 => 'img',
  ),
)
[ info ] [ HEADER ] array (
  'host' => 'localhost',
  'connection' => 'keep-alive',
  'user-agent' => 'Mozilla/5.0 (Macintosh; Intel Mac OS X 10_14_0) AppleWebKit/537.36 (KHTML, like Gecko) Chrome/69.0.3497.100 Safari/537.36',
  'accept' => 'image/webp,image/apng,image/*,*/*;q=0.8',
  'referer' => 'http://localhost/',
  'accept-encoding' => 'gzip, deflate, br',
  'accept-language' => 'en-US,en;q=0.9,zh-CN;q=0.8,zh;q=0.7',
  'cookie' => 'Webstorm-b65bffee=f4a2faf8-b6a5-48b9-bfc9-4dddad95e535; _ga=GA1.1.266080130.1541411680; PHPSESSID=tf8m4prg779op0ri80dd0d9a6s',
)
[ info ] [ PARAM ] array (
)
[ info ] [ LOG ] INIT File
---------------------------------------------------------------
[ 2019-02-14T14:57:00+08:00 ] ::1 ::1 GET /static/index/img/c2.jpg
[ info ] localhost/static/index/img/c2.jpg [运行时间：0.023152s][吞吐率：43.19req/s] [内存消耗：1,403.66kb] [文件加载：37]
[ info ] [ LANG ] /Users/ldx/WebstormProjects/luodexun/thinkphp/lang/zh-cn.php
[ info ] [ ROUTE ] array (
  'type' => 'module',
  'module' => 
  array (
    0 => 'static',
    1 => 'index',
    2 => 'img',
  ),
)
[ info ] [ HEADER ] array (
  'host' => 'localhost',
  'connection' => 'keep-alive',
  'user-agent' => 'Mozilla/5.0 (Macintosh; Intel Mac OS X 10_14_0) AppleWebKit/537.36 (KHTML, like Gecko) Chrome/69.0.3497.100 Safari/537.36',
  'accept' => 'image/webp,image/apng,image/*,*/*;q=0.8',
  'referer' => 'http://localhost/',
  'accept-encoding' => 'gzip, deflate, br',
  'accept-language' => 'en-US,en;q=0.9,zh-CN;q=0.8,zh;q=0.7',
  'cookie' => 'Webstorm-b65bffee=f4a2faf8-b6a5-48b9-bfc9-4dddad95e535; _ga=GA1.1.266080130.1541411680; PHPSESSID=tf8m4prg779op0ri80dd0d9a6s',
)
[ info ] [ PARAM ] array (
)
[ info ] [ LOG ] INIT File
---------------------------------------------------------------
[ 2019-02-14T14:57:00+08:00 ] ::1 ::1 GET /static/index/img/%E6%96%B0%E5%93%81.png
[ info ] localhost/static/index/img/%E6%96%B0%E5%93%81.png [运行时间：0.107840s][吞吐率：9.27req/s] [内存消耗：1,403.69kb] [文件加载：37]
[ info ] [ LANG ] /Users/ldx/WebstormProjects/luodexun/thinkphp/lang/zh-cn.php
[ info ] [ ROUTE ] array (
  'type' => 'module',
  'module' => 
  array (
    0 => 'static',
    1 => 'index',
    2 => 'img',
  ),
)
[ info ] [ HEADER ] array (
  'host' => 'localhost',
  'connection' => 'keep-alive',
  'user-agent' => 'Mozilla/5.0 (Macintosh; Intel Mac OS X 10_14_0) AppleWebKit/537.36 (KHTML, like Gecko) Chrome/69.0.3497.100 Safari/537.36',
  'accept' => 'image/webp,image/apng,image/*,*/*;q=0.8',
  'referer' => 'http://localhost/',
  'accept-encoding' => 'gzip, deflate, br',
  'accept-language' => 'en-US,en;q=0.9,zh-CN;q=0.8,zh;q=0.7',
  'cookie' => 'Webstorm-b65bffee=f4a2faf8-b6a5-48b9-bfc9-4dddad95e535; _ga=GA1.1.266080130.1541411680; PHPSESSID=tf8m4prg779op0ri80dd0d9a6s',
)
[ info ] [ PARAM ] array (
)
[ info ] [ LOG ] INIT File
---------------------------------------------------------------
[ 2019-02-14T14:57:00+08:00 ] ::1 ::1 GET /static/index/img/ym_icon_decrease.png
[ info ] localhost/static/index/img/ym_icon_decrease.png [运行时间：0.108558s][吞吐率：9.21req/s] [内存消耗：1,403.70kb] [文件加载：37]
[ info ] [ LANG ] /Users/ldx/WebstormProjects/luodexun/thinkphp/lang/zh-cn.php
[ info ] [ ROUTE ] array (
  'type' => 'module',
  'module' => 
  array (
    0 => 'static',
    1 => 'index',
    2 => 'img',
  ),
)
[ info ] [ HEADER ] array (
  'host' => 'localhost',
  'connection' => 'keep-alive',
  'user-agent' => 'Mozilla/5.0 (Macintosh; Intel Mac OS X 10_14_0) AppleWebKit/537.36 (KHTML, like Gecko) Chrome/69.0.3497.100 Safari/537.36',
  'accept' => 'image/webp,image/apng,image/*,*/*;q=0.8',
  'referer' => 'http://localhost/',
  'accept-encoding' => 'gzip, deflate, br',
  'accept-language' => 'en-US,en;q=0.9,zh-CN;q=0.8,zh;q=0.7',
  'cookie' => 'Webstorm-b65bffee=f4a2faf8-b6a5-48b9-bfc9-4dddad95e535; _ga=GA1.1.266080130.1541411680; PHPSESSID=tf8m4prg779op0ri80dd0d9a6s',
)
[ info ] [ PARAM ] array (
)
[ info ] [ LOG ] INIT File
---------------------------------------------------------------
[ 2019-02-14T14:57:00+08:00 ] ::1 ::1 GET /static/index/img/footer_pic-small.jpg
[ info ] localhost/static/index/img/footer_pic-small.jpg [运行时间：0.031694s][吞吐率：31.55req/s] [内存消耗：1,403.70kb] [文件加载：37]
[ info ] [ LANG ] /Users/ldx/WebstormProjects/luodexun/thinkphp/lang/zh-cn.php
[ info ] [ ROUTE ] array (
  'type' => 'module',
  'module' => 
  array (
    0 => 'static',
    1 => 'index',
    2 => 'img',
  ),
)
[ info ] [ HEADER ] array (
  'host' => 'localhost',
  'connection' => 'keep-alive',
  'user-agent' => 'Mozilla/5.0 (Macintosh; Intel Mac OS X 10_14_0) AppleWebKit/537.36 (KHTML, like Gecko) Chrome/69.0.3497.100 Safari/537.36',
  'accept' => 'image/webp,image/apng,image/*,*/*;q=0.8',
  'referer' => 'http://localhost/',
  'accept-encoding' => 'gzip, deflate, br',
  'accept-language' => 'en-US,en;q=0.9,zh-CN;q=0.8,zh;q=0.7',
  'cookie' => 'Webstorm-b65bffee=f4a2faf8-b6a5-48b9-bfc9-4dddad95e535; _ga=GA1.1.266080130.1541411680; PHPSESSID=tf8m4prg779op0ri80dd0d9a6s',
)
[ info ] [ PARAM ] array (
)
[ info ] [ LOG ] INIT File
---------------------------------------------------------------
[ 2019-02-14T14:57:00+08:00 ] ::1 ::1 GET /static/index/img/logo_modified.png
[ info ] localhost/static/index/img/logo_modified.png [运行时间：0.033001s][吞吐率：30.30req/s] [内存消耗：1,403.70kb] [文件加载：37]
[ info ] [ LANG ] /Users/ldx/WebstormProjects/luodexun/thinkphp/lang/zh-cn.php
[ info ] [ ROUTE ] array (
  'type' => 'module',
  'module' => 
  array (
    0 => 'static',
    1 => 'index',
    2 => 'img',
  ),
)
[ info ] [ HEADER ] array (
  'host' => 'localhost',
  'connection' => 'keep-alive',
  'user-agent' => 'Mozilla/5.0 (Macintosh; Intel Mac OS X 10_14_0) AppleWebKit/537.36 (KHTML, like Gecko) Chrome/69.0.3497.100 Safari/537.36',
  'accept' => 'image/webp,image/apng,image/*,*/*;q=0.8',
  'referer' => 'http://localhost/',
  'accept-encoding' => 'gzip, deflate, br',
  'accept-language' => 'en-US,en;q=0.9,zh-CN;q=0.8,zh;q=0.7',
  'cookie' => 'Webstorm-b65bffee=f4a2faf8-b6a5-48b9-bfc9-4dddad95e535; _ga=GA1.1.266080130.1541411680; PHPSESSID=tf8m4prg779op0ri80dd0d9a6s',
)
[ info ] [ PARAM ] array (
)
[ info ] [ LOG ] INIT File
---------------------------------------------------------------
[ 2019-02-14T14:57:01+08:00 ] ::1 ::1 GET /static/index/img/ym_icon_cart.png
[ info ] localhost/static/index/img/ym_icon_cart.png [运行时间：0.028823s][吞吐率：34.69req/s] [内存消耗：1,403.70kb] [文件加载：37]
[ info ] [ LANG ] /Users/ldx/WebstormProjects/luodexun/thinkphp/lang/zh-cn.php
[ info ] [ ROUTE ] array (
  'type' => 'module',
  'module' => 
  array (
    0 => 'static',
    1 => 'index',
    2 => 'img',
  ),
)
[ info ] [ HEADER ] array (
  'host' => 'localhost',
  'connection' => 'keep-alive',
  'user-agent' => 'Mozilla/5.0 (Macintosh; Intel Mac OS X 10_14_0) AppleWebKit/537.36 (KHTML, like Gecko) Chrome/69.0.3497.100 Safari/537.36',
  'accept' => 'image/webp,image/apng,image/*,*/*;q=0.8',
  'referer' => 'http://localhost/',
  'accept-encoding' => 'gzip, deflate, br',
  'accept-language' => 'en-US,en;q=0.9,zh-CN;q=0.8,zh;q=0.7',
  'cookie' => 'Webstorm-b65bffee=f4a2faf8-b6a5-48b9-bfc9-4dddad95e535; _ga=GA1.1.266080130.1541411680; PHPSESSID=tf8m4prg779op0ri80dd0d9a6s',
)
[ info ] [ PARAM ] array (
)
[ info ] [ LOG ] INIT File
---------------------------------------------------------------
[ 2019-02-14T14:57:01+08:00 ] ::1 ::1 GET /static/index/img/ics.png
[ info ] localhost/static/index/img/ics.png [运行时间：0.028868s][吞吐率：34.64req/s] [内存消耗：1,403.67kb] [文件加载：37]
[ info ] [ LANG ] /Users/ldx/WebstormProjects/luodexun/thinkphp/lang/zh-cn.php
[ info ] [ ROUTE ] array (
  'type' => 'module',
  'module' => 
  array (
    0 => 'static',
    1 => 'index',
    2 => 'img',
  ),
)
[ info ] [ HEADER ] array (
  'host' => 'localhost',
  'connection' => 'keep-alive',
  'user-agent' => 'Mozilla/5.0 (Macintosh; Intel Mac OS X 10_14_0) AppleWebKit/537.36 (KHTML, like Gecko) Chrome/69.0.3497.100 Safari/537.36',
  'accept' => 'image/webp,image/apng,image/*,*/*;q=0.8',
  'referer' => 'http://localhost/',
  'accept-encoding' => 'gzip, deflate, br',
  'accept-language' => 'en-US,en;q=0.9,zh-CN;q=0.8,zh;q=0.7',
  'cookie' => 'Webstorm-b65bffee=f4a2faf8-b6a5-48b9-bfc9-4dddad95e535; _ga=GA1.1.266080130.1541411680; PHPSESSID=tf8m4prg779op0ri80dd0d9a6s',
)
[ info ] [ PARAM ] array (
)
[ info ] [ LOG ] INIT File
---------------------------------------------------------------
[ 2019-02-14T14:57:01+08:00 ] ::1 ::1 GET /static/index/img/ym_icon_user.png
[ info ] localhost/static/index/img/ym_icon_user.png [运行时间：0.026724s][吞吐率：37.42req/s] [内存消耗：1,403.70kb] [文件加载：37]
[ info ] [ LANG ] /Users/ldx/WebstormProjects/luodexun/thinkphp/lang/zh-cn.php
[ info ] [ ROUTE ] array (
  'type' => 'module',
  'module' => 
  array (
    0 => 'static',
    1 => 'index',
    2 => 'img',
  ),
)
[ info ] [ HEADER ] array (
  'host' => 'localhost',
  'connection' => 'keep-alive',
  'user-agent' => 'Mozilla/5.0 (Macintosh; Intel Mac OS X 10_14_0) AppleWebKit/537.36 (KHTML, like Gecko) Chrome/69.0.3497.100 Safari/537.36',
  'accept' => 'image/webp,image/apng,image/*,*/*;q=0.8',
  'referer' => 'http://localhost/',
  'accept-encoding' => 'gzip, deflate, br',
  'accept-language' => 'en-US,en;q=0.9,zh-CN;q=0.8,zh;q=0.7',
  'cookie' => 'Webstorm-b65bffee=f4a2faf8-b6a5-48b9-bfc9-4dddad95e535; _ga=GA1.1.266080130.1541411680; PHPSESSID=tf8m4prg779op0ri80dd0d9a6s',
)
[ info ] [ PARAM ] array (
)
[ info ] [ LOG ] INIT File
---------------------------------------------------------------
[ 2019-02-14T14:57:01+08:00 ] ::1 ::1 GET /static/index/img/icon_magnifier.png
[ info ] localhost/static/index/img/icon_magnifier.png [运行时间：0.027183s][吞吐率：36.79req/s] [内存消耗：1,403.70kb] [文件加载：37]
[ info ] [ LANG ] /Users/ldx/WebstormProjects/luodexun/thinkphp/lang/zh-cn.php
[ info ] [ ROUTE ] array (
  'type' => 'module',
  'module' => 
  array (
    0 => 'static',
    1 => 'index',
    2 => 'img',
  ),
)
[ info ] [ HEADER ] array (
  'host' => 'localhost',
  'connection' => 'keep-alive',
  'user-agent' => 'Mozilla/5.0 (Macintosh; Intel Mac OS X 10_14_0) AppleWebKit/537.36 (KHTML, like Gecko) Chrome/69.0.3497.100 Safari/537.36',
  'accept' => 'image/webp,image/apng,image/*,*/*;q=0.8',
  'referer' => 'http://localhost/',
  'accept-encoding' => 'gzip, deflate, br',
  'accept-language' => 'en-US,en;q=0.9,zh-CN;q=0.8,zh;q=0.7',
  'cookie' => 'Webstorm-b65bffee=f4a2faf8-b6a5-48b9-bfc9-4dddad95e535; _ga=GA1.1.266080130.1541411680; PHPSESSID=tf8m4prg779op0ri80dd0d9a6s',
)
[ info ] [ PARAM ] array (
)
[ info ] [ LOG ] INIT File
---------------------------------------------------------------
[ 2019-02-14T14:57:01+08:00 ] ::1 ::1 GET /static/index/img/yimi.jpg
[ info ] localhost/static/index/img/yimi.jpg [运行时间：0.044373s][吞吐率：22.54req/s] [内存消耗：1,403.67kb] [文件加载：37]
[ info ] [ LANG ] /Users/ldx/WebstormProjects/luodexun/thinkphp/lang/zh-cn.php
[ info ] [ ROUTE ] array (
  'type' => 'module',
  'module' => 
  array (
    0 => 'static',
    1 => 'index',
    2 => 'img',
  ),
)
[ info ] [ HEADER ] array (
  'host' => 'localhost',
  'connection' => 'keep-alive',
  'user-agent' => 'Mozilla/5.0 (Macintosh; Intel Mac OS X 10_14_0) AppleWebKit/537.36 (KHTML, like Gecko) Chrome/69.0.3497.100 Safari/537.36',
  'accept' => 'image/webp,image/apng,image/*,*/*;q=0.8',
  'referer' => 'http://localhost/',
  'accept-encoding' => 'gzip, deflate, br',
  'accept-language' => 'en-US,en;q=0.9,zh-CN;q=0.8,zh;q=0.7',
  'cookie' => 'Webstorm-b65bffee=f4a2faf8-b6a5-48b9-bfc9-4dddad95e535; _ga=GA1.1.266080130.1541411680; PHPSESSID=tf8m4prg779op0ri80dd0d9a6s',
)
[ info ] [ PARAM ] array (
)
[ info ] [ LOG ] INIT File
---------------------------------------------------------------
[ 2019-02-14T14:57:17+08:00 ] ::1 ::1 GET /admin
[ info ] localhost/admin [运行时间：0.076353s][吞吐率：13.10req/s] [内存消耗：1,958.27kb] [文件加载：47]
[ info ] [ LANG ] /Users/ldx/WebstormProjects/luodexun/thinkphp/lang/zh-cn.php
[ info ] [ ROUTE ] array (
  'type' => 'module',
  'module' => 
  array (
    0 => 'admin',
    1 => NULL,
    2 => NULL,
  ),
)
[ info ] [ HEADER ] array (
  'host' => 'localhost',
  'connection' => 'keep-alive',
  'upgrade-insecure-requests' => '1',
  'user-agent' => 'Mozilla/5.0 (Macintosh; Intel Mac OS X 10_14_0) AppleWebKit/537.36 (KHTML, like Gecko) Chrome/69.0.3497.100 Safari/537.36',
  'accept' => 'text/html,application/xhtml+xml,application/xml;q=0.9,image/webp,image/apng,*/*;q=0.8',
  'accept-encoding' => 'gzip, deflate, br',
  'accept-language' => 'en-US,en;q=0.9,zh-CN;q=0.8,zh;q=0.7',
  'cookie' => 'Webstorm-b65bffee=f4a2faf8-b6a5-48b9-bfc9-4dddad95e535; _ga=GA1.1.266080130.1541411680; PHPSESSID=tf8m4prg779op0ri80dd0d9a6s',
)
[ info ] [ PARAM ] array (
)
[ info ] [ SESSION ] INIT array (
  'id' => '',
  'var_session_id' => '',
  'prefix' => 'think',
  'type' => '',
  'auto_start' => true,
)
[ info ] [ VIEW ] /Users/ldx/WebstormProjects/luodexun/thinkphp/tpl/dispatch_jump.tpl [ array (
  0 => 'code',
  1 => 'msg',
  2 => 'data',
  3 => 'url',
  4 => 'wait',
) ]
[ info ] [ LOG ] INIT File
---------------------------------------------------------------
[ 2019-02-14T14:57:20+08:00 ] ::1 ::1 GET /admin/login/login.html
[ info ] localhost/admin/login/login.html [运行时间：0.039066s][吞吐率：25.60req/s] [内存消耗：1,956.42kb] [文件加载：45]
[ info ] [ LANG ] /Users/ldx/WebstormProjects/luodexun/thinkphp/lang/zh-cn.php
[ info ] [ ROUTE ] array (
  'type' => 'module',
  'module' => 
  array (
    0 => 'admin',
    1 => 'login',
    2 => 'login',
  ),
)
[ info ] [ HEADER ] array (
  'host' => 'localhost',
  'connection' => 'keep-alive',
  'upgrade-insecure-requests' => '1',
  'user-agent' => 'Mozilla/5.0 (Macintosh; Intel Mac OS X 10_14_0) AppleWebKit/537.36 (KHTML, like Gecko) Chrome/69.0.3497.100 Safari/537.36',
  'accept' => 'text/html,application/xhtml+xml,application/xml;q=0.9,image/webp,image/apng,*/*;q=0.8',
  'referer' => 'http://localhost/admin',
  'accept-encoding' => 'gzip, deflate, br',
  'accept-language' => 'en-US,en;q=0.9,zh-CN;q=0.8,zh;q=0.7',
  'cookie' => 'Webstorm-b65bffee=f4a2faf8-b6a5-48b9-bfc9-4dddad95e535; _ga=GA1.1.266080130.1541411680; PHPSESSID=tf8m4prg779op0ri80dd0d9a6s',
)
[ info ] [ PARAM ] array (
)
[ info ] [ RUN ] app\admin\controller\Login->login[ /Users/ldx/WebstormProjects/luodexun/application/admin/controller/Login.php ]
[ info ] [ VIEW ] /Users/ldx/WebstormProjects/luodexun/public/../application/admin/view/login/login.html [ array (
) ]
[ info ] [ LOG ] INIT File
---------------------------------------------------------------
[ 2019-02-14T14:57:25+08:00 ] ::1 ::1 POST /admin/login/dologin.html
[ info ] localhost/admin/login/dologin.html [运行时间：0.153433s][吞吐率：6.52req/s] [内存消耗：2,812.03kb] [文件加载：54]
[ info ] [ LANG ] /Users/ldx/WebstormProjects/luodexun/thinkphp/lang/zh-cn.php
[ info ] [ ROUTE ] array (
  'type' => 'module',
  'module' => 
  array (
    0 => 'admin',
    1 => 'login',
    2 => 'dologin',
  ),
)
[ info ] [ HEADER ] array (
  'host' => 'localhost',
  'connection' => 'keep-alive',
  'content-length' => '28',
  'cache-control' => 'max-age=0',
  'origin' => 'http://localhost',
  'upgrade-insecure-requests' => '1',
  'content-type' => 'application/x-www-form-urlencoded',
  'user-agent' => 'Mozilla/5.0 (Macintosh; Intel Mac OS X 10_14_0) AppleWebKit/537.36 (KHTML, like Gecko) Chrome/69.0.3497.100 Safari/537.36',
  'accept' => 'text/html,application/xhtml+xml,application/xml;q=0.9,image/webp,image/apng,*/*;q=0.8',
  'referer' => 'http://localhost/admin/login/login.html',
  'accept-encoding' => 'gzip, deflate, br',
  'accept-language' => 'en-US,en;q=0.9,zh-CN;q=0.8,zh;q=0.7',
  'cookie' => 'Webstorm-b65bffee=f4a2faf8-b6a5-48b9-bfc9-4dddad95e535; _ga=GA1.1.266080130.1541411680; PHPSESSID=tf8m4prg779op0ri80dd0d9a6s',
)
[ info ] [ PARAM ] array (
  'username' => 'admin',
  'password' => '1234',
)
[ info ] [ RUN ] app\admin\controller\Login->doLogin[ /Users/ldx/WebstormProjects/luodexun/application/admin/controller/Login.php ]
[ info ] [ DB ] INIT mysql
[ info ] [ CACHE ] INIT File
[ info ] [ SESSION ] INIT array (
  'id' => '',
  'var_session_id' => '',
  'prefix' => 'think',
  'type' => '',
  'auto_start' => true,
)
[ info ] [ VIEW ] /Users/ldx/WebstormProjects/luodexun/thinkphp/tpl/dispatch_jump.tpl [ array (
  0 => 'code',
  1 => 'msg',
  2 => 'data',
  3 => 'url',
  4 => 'wait',
) ]
[ info ] [ LOG ] INIT File
[ sql ] [ DB ] CONNECT:[ UseTime:0.000709s ] mysql:host=127.0.0.1;port=3306;dbname=ldx;charset=utf8
[ sql ] [ SQL ] SHOW COLUMNS FROM `admin` [ RunTime:0.001728s ]
[ sql ] [ SQL ] SELECT * FROM `admin` WHERE  `username` = 'admin' LIMIT 1 [ RunTime:0.000622s ]
[ sql ] [ SQL ] UPDATE `admin`  SET `username`='admin',`avatar`='/static/admin/images/admin.jpeg',`password`='81dc9bdb52d04dc20036dbd8313ed055',`mobile`='18649649980',`email`='lll279906908@outlook.com',`lastlogin`='1550127445'  WHERE  `id` = 5 [ RunTime:0.002379s ]
---------------------------------------------------------------
[ 2019-02-14T14:57:28+08:00 ] ::1 ::1 GET /admin/index/index.html
[ info ] localhost/admin/index/index.html [运行时间：0.076105s][吞吐率：13.14req/s] [内存消耗：2,039.23kb] [文件加载：50]
[ info ] [ LANG ] /Users/ldx/WebstormProjects/luodexun/thinkphp/lang/zh-cn.php
[ info ] [ ROUTE ] array (
  'type' => 'module',
  'module' => 
  array (
    0 => 'admin',
    1 => 'index',
    2 => 'index',
  ),
)
[ info ] [ HEADER ] array (
  'host' => 'localhost',
  'connection' => 'keep-alive',
  'upgrade-insecure-requests' => '1',
  'user-agent' => 'Mozilla/5.0 (Macintosh; Intel Mac OS X 10_14_0) AppleWebKit/537.36 (KHTML, like Gecko) Chrome/69.0.3497.100 Safari/537.36',
  'accept' => 'text/html,application/xhtml+xml,application/xml;q=0.9,image/webp,image/apng,*/*;q=0.8',
  'referer' => 'http://localhost/admin/login/dologin.html',
  'accept-encoding' => 'gzip, deflate, br',
  'accept-language' => 'en-US,en;q=0.9,zh-CN;q=0.8,zh;q=0.7',
  'cookie' => 'Webstorm-b65bffee=f4a2faf8-b6a5-48b9-bfc9-4dddad95e535; _ga=GA1.1.266080130.1541411680; PHPSESSID=tf8m4prg779op0ri80dd0d9a6s',
)
[ info ] [ PARAM ] array (
)
[ info ] [ SESSION ] INIT array (
  'id' => '',
  'var_session_id' => '',
  'prefix' => 'think',
  'type' => '',
  'auto_start' => true,
)
[ info ] [ RUN ] app\admin\controller\Index->index[ /Users/ldx/WebstormProjects/luodexun/application/admin/controller/Index.php ]
[ info ] [ VIEW ] /Users/ldx/WebstormProjects/luodexun/public/../application/admin/view/Admin/list.html [ array (
  0 => 'uid',
  1 => 'adminInfo',
  2 => 'defaultArgs',
) ]
[ info ] [ RUN ] app\admin\widget\Common->header[ /Users/ldx/WebstormProjects/luodexun/application/admin/widget/Common.php ]
[ info ] [ VIEW ] /Users/ldx/WebstormProjects/luodexun/public/../application/admin/view/common/header.html [ array (
  0 => 'uid',
  1 => 'adminInfo',
  2 => 'defaultArgs',
) ]
[ info ] [ RUN ] app\admin\widget\Common->left[ /Users/ldx/WebstormProjects/luodexun/application/admin/widget/Common.php ]
[ info ] [ VIEW ] /Users/ldx/WebstormProjects/luodexun/public/../application/admin/view/common/left.html [ array (
  0 => 'uid',
  1 => 'adminInfo',
  2 => 'defaultArgs',
) ]
[ info ] [ RUN ] app\admin\widget\Common->test[ /Users/ldx/WebstormProjects/luodexun/application/admin/widget/Common.php ]
[ info ] [ VIEW ] /Users/ldx/WebstormProjects/luodexun/public/../application/admin/view/common/test.html [ array (
  0 => 'uid',
  1 => 'adminInfo',
  2 => 'defaultArgs',
) ]
[ info ] [ LOG ] INIT File
---------------------------------------------------------------
[ 2019-02-14T14:57:32+08:00 ] ::1 ::1 GET /admin/upload/index.html
[ info ] localhost/admin/upload/index.html [运行时间：0.057392s][吞吐率：17.42req/s] [内存消耗：2,018.47kb] [文件加载：50]
[ info ] [ LANG ] /Users/ldx/WebstormProjects/luodexun/thinkphp/lang/zh-cn.php
[ info ] [ ROUTE ] array (
  'type' => 'module',
  'module' => 
  array (
    0 => 'admin',
    1 => 'upload',
    2 => 'index',
  ),
)
[ info ] [ HEADER ] array (
  'host' => 'localhost',
  'connection' => 'keep-alive',
  'upgrade-insecure-requests' => '1',
  'user-agent' => 'Mozilla/5.0 (Macintosh; Intel Mac OS X 10_14_0) AppleWebKit/537.36 (KHTML, like Gecko) Chrome/69.0.3497.100 Safari/537.36',
  'accept' => 'text/html,application/xhtml+xml,application/xml;q=0.9,image/webp,image/apng,*/*;q=0.8',
  'referer' => 'http://localhost/admin/index/index.html',
  'accept-encoding' => 'gzip, deflate, br',
  'accept-language' => 'en-US,en;q=0.9,zh-CN;q=0.8,zh;q=0.7',
  'cookie' => 'Webstorm-b65bffee=f4a2faf8-b6a5-48b9-bfc9-4dddad95e535; _ga=GA1.1.266080130.1541411680; PHPSESSID=tf8m4prg779op0ri80dd0d9a6s',
)
[ info ] [ PARAM ] array (
)
[ info ] [ SESSION ] INIT array (
  'id' => '',
  'var_session_id' => '',
  'prefix' => 'think',
  'type' => '',
  'auto_start' => true,
)
[ info ] [ RUN ] app\admin\controller\Upload->index[ /Users/ldx/WebstormProjects/luodexun/application/admin/controller/Upload.php ]
[ info ] [ VIEW ] /Users/ldx/WebstormProjects/luodexun/public/../application/admin/view/Admin/list.html [ array (
  0 => 'uid',
  1 => 'adminInfo',
  2 => 'ossTitle',
) ]
[ info ] [ RUN ] app\admin\widget\Common->header[ /Users/ldx/WebstormProjects/luodexun/application/admin/widget/Common.php ]
[ info ] [ VIEW ] /Users/ldx/WebstormProjects/luodexun/public/../application/admin/view/common/header.html [ array (
  0 => 'uid',
  1 => 'adminInfo',
  2 => 'ossTitle',
) ]
[ info ] [ RUN ] app\admin\widget\Common->left[ /Users/ldx/WebstormProjects/luodexun/application/admin/widget/Common.php ]
[ info ] [ VIEW ] /Users/ldx/WebstormProjects/luodexun/public/../application/admin/view/common/left.html [ array (
  0 => 'uid',
  1 => 'adminInfo',
  2 => 'ossTitle',
) ]
[ info ] [ RUN ] app\admin\widget\Common->upload[ /Users/ldx/WebstormProjects/luodexun/application/admin/widget/Common.php ]
[ info ] [ VIEW ] /Users/ldx/WebstormProjects/luodexun/public/../application/admin/view/common/upload.html [ array (
  0 => 'uid',
  1 => 'adminInfo',
  2 => 'ossTitle',
) ]
[ info ] [ LOG ] INIT File
---------------------------------------------------------------
[ 2019-02-14T14:57:35+08:00 ] ::1 ::1 GET /admin/goods/index.html
[ info ] localhost/admin/goods/index.html [运行时间：0.113899s][吞吐率：8.78req/s] [内存消耗：3,481.80kb] [文件加载：62]
[ info ] [ LANG ] /Users/ldx/WebstormProjects/luodexun/thinkphp/lang/zh-cn.php
[ info ] [ ROUTE ] array (
  'type' => 'module',
  'module' => 
  array (
    0 => 'admin',
    1 => 'goods',
    2 => 'index',
  ),
)
[ info ] [ HEADER ] array (
  'host' => 'localhost',
  'connection' => 'keep-alive',
  'upgrade-insecure-requests' => '1',
  'user-agent' => 'Mozilla/5.0 (Macintosh; Intel Mac OS X 10_14_0) AppleWebKit/537.36 (KHTML, like Gecko) Chrome/69.0.3497.100 Safari/537.36',
  'accept' => 'text/html,application/xhtml+xml,application/xml;q=0.9,image/webp,image/apng,*/*;q=0.8',
  'referer' => 'http://localhost/admin/upload/index.html',
  'accept-encoding' => 'gzip, deflate, br',
  'accept-language' => 'en-US,en;q=0.9,zh-CN;q=0.8,zh;q=0.7',
  'cookie' => 'Webstorm-b65bffee=f4a2faf8-b6a5-48b9-bfc9-4dddad95e535; _ga=GA1.1.266080130.1541411680; PHPSESSID=tf8m4prg779op0ri80dd0d9a6s',
)
[ info ] [ PARAM ] array (
)
[ info ] [ SESSION ] INIT array (
  'id' => '',
  'var_session_id' => '',
  'prefix' => 'think',
  'type' => '',
  'auto_start' => true,
)
[ info ] [ RUN ] app\admin\controller\Goods->index[ /Users/ldx/WebstormProjects/luodexun/application/admin/controller/Goods.php ]
[ info ] [ DB ] INIT mysql
[ info ] [ VIEW ] /Users/ldx/WebstormProjects/luodexun/public/../application/admin/view/Admin/list.html [ array (
  0 => 'uid',
  1 => 'adminInfo',
  2 => 'goodsData',
) ]
[ info ] [ RUN ] app\admin\widget\Common->header[ /Users/ldx/WebstormProjects/luodexun/application/admin/widget/Common.php ]
[ info ] [ VIEW ] /Users/ldx/WebstormProjects/luodexun/public/../application/admin/view/common/header.html [ array (
  0 => 'uid',
  1 => 'adminInfo',
  2 => 'goodsData',
) ]
[ info ] [ RUN ] app\admin\widget\Common->left[ /Users/ldx/WebstormProjects/luodexun/application/admin/widget/Common.php ]
[ info ] [ VIEW ] /Users/ldx/WebstormProjects/luodexun/public/../application/admin/view/common/left.html [ array (
  0 => 'uid',
  1 => 'adminInfo',
  2 => 'goodsData',
) ]
[ info ] [ RUN ] app\admin\widget\Common->goodsData[ /Users/ldx/WebstormProjects/luodexun/application/admin/widget/Common.php ]
[ info ] [ VIEW ] /Users/ldx/WebstormProjects/luodexun/public/../application/admin/view/common/goodsData.html [ array (
  0 => 'uid',
  1 => 'adminInfo',
  2 => 'goodsData',
) ]
[ info ] [ LOG ] INIT File
[ sql ] [ DB ] CONNECT:[ UseTime:0.000740s ] mysql:host=127.0.0.1;port=3306;dbname=ldx;charset=utf8
[ sql ] [ SQL ] SHOW COLUMNS FROM `goods` [ RunTime:0.000925s ]
[ sql ] [ SQL ] SELECT COUNT(*) AS tp_count FROM `goods` `a` LEFT JOIN `cate` `c` ON `a`.`cate_id`=`c`.`id` LEFT JOIN `image` `d` ON `d`.`goods_id`=`a`.`goods_id` WHERE  `d`.`is_face` = 1 LIMIT 1 [ RunTime:0.001609s ]
[ sql ] [ SQL ] SELECT `a`.`goods_id`,`a`.`goods_name`,`a`.`sell_price`,`a`.`market_price`,`a`.`maketable`,`a`.`store`,`a`.`freez`,`a`.`recycle`,`a`.`last_modify`,`a`.`last_modify_id`,`c`.`name`,`d`.`is_face`,`d`.`image_url` FROM `goods` `a` LEFT JOIN `cate` `c` ON `a`.`cate_id`=`c`.`id` LEFT JOIN `image` `d` ON `d`.`goods_id`=`a`.`goods_id` WHERE  `d`.`is_face` = 1 LIMIT 0,6 [ RunTime:0.000771s ]
---------------------------------------------------------------
[ 2019-02-14T14:57:37+08:00 ] ::1 ::1 GET /admin/cate/index.html
[ info ] localhost/admin/cate/index.html [运行时间：0.065230s][吞吐率：15.33req/s] [内存消耗：3,021.42kb] [文件加载：58]
[ info ] [ LANG ] /Users/ldx/WebstormProjects/luodexun/thinkphp/lang/zh-cn.php
[ info ] [ ROUTE ] array (
  'type' => 'module',
  'module' => 
  array (
    0 => 'admin',
    1 => 'cate',
    2 => 'index',
  ),
)
[ info ] [ HEADER ] array (
  'host' => 'localhost',
  'connection' => 'keep-alive',
  'upgrade-insecure-requests' => '1',
  'user-agent' => 'Mozilla/5.0 (Macintosh; Intel Mac OS X 10_14_0) AppleWebKit/537.36 (KHTML, like Gecko) Chrome/69.0.3497.100 Safari/537.36',
  'accept' => 'text/html,application/xhtml+xml,application/xml;q=0.9,image/webp,image/apng,*/*;q=0.8',
  'referer' => 'http://localhost/admin/goods/index.html',
  'accept-encoding' => 'gzip, deflate, br',
  'accept-language' => 'en-US,en;q=0.9,zh-CN;q=0.8,zh;q=0.7',
  'cookie' => 'Webstorm-b65bffee=f4a2faf8-b6a5-48b9-bfc9-4dddad95e535; _ga=GA1.1.266080130.1541411680; PHPSESSID=tf8m4prg779op0ri80dd0d9a6s',
)
[ info ] [ PARAM ] array (
)
[ info ] [ SESSION ] INIT array (
  'id' => '',
  'var_session_id' => '',
  'prefix' => 'think',
  'type' => '',
  'auto_start' => true,
)
[ info ] [ RUN ] app\admin\controller\Cate->index[ /Users/ldx/WebstormProjects/luodexun/application/admin/controller/Cate.php ]
[ info ] [ DB ] INIT mysql
[ info ] [ VIEW ] /Users/ldx/WebstormProjects/luodexun/public/../application/admin/view/Admin/list.html [ array (
  0 => 'uid',
  1 => 'adminInfo',
  2 => 'cateList',
) ]
[ info ] [ RUN ] app\admin\widget\Common->header[ /Users/ldx/WebstormProjects/luodexun/application/admin/widget/Common.php ]
[ info ] [ VIEW ] /Users/ldx/WebstormProjects/luodexun/public/../application/admin/view/common/header.html [ array (
  0 => 'uid',
  1 => 'adminInfo',
  2 => 'cateList',
) ]
[ info ] [ RUN ] app\admin\widget\Common->left[ /Users/ldx/WebstormProjects/luodexun/application/admin/widget/Common.php ]
[ info ] [ VIEW ] /Users/ldx/WebstormProjects/luodexun/public/../application/admin/view/common/left.html [ array (
  0 => 'uid',
  1 => 'adminInfo',
  2 => 'cateList',
) ]
[ info ] [ RUN ] app\admin\widget\Common->cateList[ /Users/ldx/WebstormProjects/luodexun/application/admin/widget/Common.php ]
[ info ] [ VIEW ] /Users/ldx/WebstormProjects/luodexun/public/../application/admin/view/common/cateList.html [ array (
  0 => 'uid',
  1 => 'adminInfo',
  2 => 'cateList',
) ]
[ info ] [ LOG ] INIT File
[ sql ] [ DB ] CONNECT:[ UseTime:0.000855s ] mysql:host=127.0.0.1;port=3306;dbname=ldx;charset=utf8
[ sql ] [ SQL ] SHOW COLUMNS FROM `cate` [ RunTime:0.000895s ]
[ sql ] [ SQL ] SELECT * FROM `cate` WHERE  `pid` = 0 [ RunTime:0.000501s ]
---------------------------------------------------------------
[ 2019-02-14T14:57:40+08:00 ] ::1 ::1 GET /admin/admin/index.html
[ info ] localhost/admin/admin/index.html [运行时间：0.050977s][吞吐率：19.62req/s] [内存消耗：3,107.40kb] [文件加载：61]
[ info ] [ LANG ] /Users/ldx/WebstormProjects/luodexun/thinkphp/lang/zh-cn.php
[ info ] [ ROUTE ] array (
  'type' => 'module',
  'module' => 
  array (
    0 => 'admin',
    1 => 'admin',
    2 => 'index',
  ),
)
[ info ] [ HEADER ] array (
  'host' => 'localhost',
  'connection' => 'keep-alive',
  'upgrade-insecure-requests' => '1',
  'user-agent' => 'Mozilla/5.0 (Macintosh; Intel Mac OS X 10_14_0) AppleWebKit/537.36 (KHTML, like Gecko) Chrome/69.0.3497.100 Safari/537.36',
  'accept' => 'text/html,application/xhtml+xml,application/xml;q=0.9,image/webp,image/apng,*/*;q=0.8',
  'referer' => 'http://localhost/admin/cate/index.html',
  'accept-encoding' => 'gzip, deflate, br',
  'accept-language' => 'en-US,en;q=0.9,zh-CN;q=0.8,zh;q=0.7',
  'cookie' => 'Webstorm-b65bffee=f4a2faf8-b6a5-48b9-bfc9-4dddad95e535; _ga=GA1.1.266080130.1541411680; PHPSESSID=tf8m4prg779op0ri80dd0d9a6s',
)
[ info ] [ PARAM ] array (
)
[ info ] [ SESSION ] INIT array (
  'id' => '',
  'var_session_id' => '',
  'prefix' => 'think',
  'type' => '',
  'auto_start' => true,
)
[ info ] [ RUN ] app\admin\controller\Admin->index[ /Users/ldx/WebstormProjects/luodexun/application/admin/controller/Admin.php ]
[ info ] [ DB ] INIT mysql
[ info ] [ VIEW ] /Users/ldx/WebstormProjects/luodexun/public/../application/admin/view/Admin/list.html [ array (
  0 => 'uid',
  1 => 'adminInfo',
  2 => 'indexData',
) ]
[ info ] [ RUN ] app\admin\widget\Common->header[ /Users/ldx/WebstormProjects/luodexun/application/admin/widget/Common.php ]
[ info ] [ VIEW ] /Users/ldx/WebstormProjects/luodexun/public/../application/admin/view/common/header.html [ array (
  0 => 'uid',
  1 => 'adminInfo',
  2 => 'indexData',
) ]
[ info ] [ RUN ] app\admin\widget\Common->left[ /Users/ldx/WebstormProjects/luodexun/application/admin/widget/Common.php ]
[ info ] [ VIEW ] /Users/ldx/WebstormProjects/luodexun/public/../application/admin/view/common/left.html [ array (
  0 => 'uid',
  1 => 'adminInfo',
  2 => 'indexData',
) ]
[ info ] [ RUN ] app\admin\widget\Common->lis[ /Users/ldx/WebstormProjects/luodexun/application/admin/widget/Common.php ]
[ info ] [ VIEW ] /Users/ldx/WebstormProjects/luodexun/public/../application/admin/view/common/list.html [ array (
  0 => 'uid',
  1 => 'adminInfo',
  2 => 'indexData',
) ]
[ info ] [ LOG ] INIT File
[ sql ] [ DB ] CONNECT:[ UseTime:0.000568s ] mysql:host=127.0.0.1;port=3306;dbname=ldx;charset=utf8
[ sql ] [ SQL ] SHOW COLUMNS FROM `admin` [ RunTime:0.000718s ]
[ sql ] [ SQL ] SELECT COUNT(*) AS tp_count FROM `admin` LIMIT 1 [ RunTime:0.000349s ]
[ sql ] [ SQL ] SELECT * FROM `admin` LIMIT 0,6 [ RunTime:0.000419s ]
---------------------------------------------------------------
[ 2019-02-14T14:57:42+08:00 ] ::1 ::1 GET /admin/cate/index.html
[ info ] localhost/admin/cate/index.html [运行时间：0.051207s][吞吐率：19.53req/s] [内存消耗：2,850.70kb] [文件加载：56]
[ info ] [ LANG ] /Users/ldx/WebstormProjects/luodexun/thinkphp/lang/zh-cn.php
[ info ] [ ROUTE ] array (
  'type' => 'module',
  'module' => 
  array (
    0 => 'admin',
    1 => 'cate',
    2 => 'index',
  ),
)
[ info ] [ HEADER ] array (
  'host' => 'localhost',
  'connection' => 'keep-alive',
  'upgrade-insecure-requests' => '1',
  'user-agent' => 'Mozilla/5.0 (Macintosh; Intel Mac OS X 10_14_0) AppleWebKit/537.36 (KHTML, like Gecko) Chrome/69.0.3497.100 Safari/537.36',
  'accept' => 'text/html,application/xhtml+xml,application/xml;q=0.9,image/webp,image/apng,*/*;q=0.8',
  'referer' => 'http://localhost/admin/admin/index.html',
  'accept-encoding' => 'gzip, deflate, br',
  'accept-language' => 'en-US,en;q=0.9,zh-CN;q=0.8,zh;q=0.7',
  'cookie' => 'Webstorm-b65bffee=f4a2faf8-b6a5-48b9-bfc9-4dddad95e535; _ga=GA1.1.266080130.1541411680; PHPSESSID=tf8m4prg779op0ri80dd0d9a6s',
)
[ info ] [ PARAM ] array (
)
[ info ] [ SESSION ] INIT array (
  'id' => '',
  'var_session_id' => '',
  'prefix' => 'think',
  'type' => '',
  'auto_start' => true,
)
[ info ] [ RUN ] app\admin\controller\Cate->index[ /Users/ldx/WebstormProjects/luodexun/application/admin/controller/Cate.php ]
[ info ] [ DB ] INIT mysql
[ info ] [ VIEW ] /Users/ldx/WebstormProjects/luodexun/public/../application/admin/view/Admin/list.html [ array (
  0 => 'uid',
  1 => 'adminInfo',
  2 => 'cateList',
) ]
[ info ] [ RUN ] app\admin\widget\Common->header[ /Users/ldx/WebstormProjects/luodexun/application/admin/widget/Common.php ]
[ info ] [ VIEW ] /Users/ldx/WebstormProjects/luodexun/public/../application/admin/view/common/header.html [ array (
  0 => 'uid',
  1 => 'adminInfo',
  2 => 'cateList',
) ]
[ info ] [ RUN ] app\admin\widget\Common->left[ /Users/ldx/WebstormProjects/luodexun/application/admin/widget/Common.php ]
[ info ] [ VIEW ] /Users/ldx/WebstormProjects/luodexun/public/../application/admin/view/common/left.html [ array (
  0 => 'uid',
  1 => 'adminInfo',
  2 => 'cateList',
) ]
[ info ] [ RUN ] app\admin\widget\Common->cateList[ /Users/ldx/WebstormProjects/luodexun/application/admin/widget/Common.php ]
[ info ] [ VIEW ] /Users/ldx/WebstormProjects/luodexun/public/../application/admin/view/common/cateList.html [ array (
  0 => 'uid',
  1 => 'adminInfo',
  2 => 'cateList',
) ]
[ info ] [ LOG ] INIT File
[ sql ] [ DB ] CONNECT:[ UseTime:0.000715s ] mysql:host=127.0.0.1;port=3306;dbname=ldx;charset=utf8
[ sql ] [ SQL ] SHOW COLUMNS FROM `cate` [ RunTime:0.001044s ]
[ sql ] [ SQL ] SELECT * FROM `cate` WHERE  `pid` = 0 [ RunTime:0.000556s ]
---------------------------------------------------------------
[ 2019-02-14T14:57:44+08:00 ] ::1 ::1 GET /admin/goods/index.html
[ info ] localhost/admin/goods/index.html [运行时间：0.053009s][吞吐率：18.86req/s] [内存消耗：3,301.69kb] [文件加载：60]
[ info ] [ LANG ] /Users/ldx/WebstormProjects/luodexun/thinkphp/lang/zh-cn.php
[ info ] [ ROUTE ] array (
  'type' => 'module',
  'module' => 
  array (
    0 => 'admin',
    1 => 'goods',
    2 => 'index',
  ),
)
[ info ] [ HEADER ] array (
  'host' => 'localhost',
  'connection' => 'keep-alive',
  'upgrade-insecure-requests' => '1',
  'user-agent' => 'Mozilla/5.0 (Macintosh; Intel Mac OS X 10_14_0) AppleWebKit/537.36 (KHTML, like Gecko) Chrome/69.0.3497.100 Safari/537.36',
  'accept' => 'text/html,application/xhtml+xml,application/xml;q=0.9,image/webp,image/apng,*/*;q=0.8',
  'referer' => 'http://localhost/admin/cate/index.html',
  'accept-encoding' => 'gzip, deflate, br',
  'accept-language' => 'en-US,en;q=0.9,zh-CN;q=0.8,zh;q=0.7',
  'cookie' => 'Webstorm-b65bffee=f4a2faf8-b6a5-48b9-bfc9-4dddad95e535; _ga=GA1.1.266080130.1541411680; PHPSESSID=tf8m4prg779op0ri80dd0d9a6s',
)
[ info ] [ PARAM ] array (
)
[ info ] [ SESSION ] INIT array (
  'id' => '',
  'var_session_id' => '',
  'prefix' => 'think',
  'type' => '',
  'auto_start' => true,
)
[ info ] [ RUN ] app\admin\controller\Goods->index[ /Users/ldx/WebstormProjects/luodexun/application/admin/controller/Goods.php ]
[ info ] [ DB ] INIT mysql
[ info ] [ VIEW ] /Users/ldx/WebstormProjects/luodexun/public/../application/admin/view/Admin/list.html [ array (
  0 => 'uid',
  1 => 'adminInfo',
  2 => 'goodsData',
) ]
[ info ] [ RUN ] app\admin\widget\Common->header[ /Users/ldx/WebstormProjects/luodexun/application/admin/widget/Common.php ]
[ info ] [ VIEW ] /Users/ldx/WebstormProjects/luodexun/public/../application/admin/view/common/header.html [ array (
  0 => 'uid',
  1 => 'adminInfo',
  2 => 'goodsData',
) ]
[ info ] [ RUN ] app\admin\widget\Common->left[ /Users/ldx/WebstormProjects/luodexun/application/admin/widget/Common.php ]
[ info ] [ VIEW ] /Users/ldx/WebstormProjects/luodexun/public/../application/admin/view/common/left.html [ array (
  0 => 'uid',
  1 => 'adminInfo',
  2 => 'goodsData',
) ]
[ info ] [ RUN ] app\admin\widget\Common->goodsData[ /Users/ldx/WebstormProjects/luodexun/application/admin/widget/Common.php ]
[ info ] [ VIEW ] /Users/ldx/WebstormProjects/luodexun/public/../application/admin/view/common/goodsData.html [ array (
  0 => 'uid',
  1 => 'adminInfo',
  2 => 'goodsData',
) ]
[ info ] [ LOG ] INIT File
[ sql ] [ DB ] CONNECT:[ UseTime:0.000536s ] mysql:host=127.0.0.1;port=3306;dbname=ldx;charset=utf8
[ sql ] [ SQL ] SHOW COLUMNS FROM `goods` [ RunTime:0.000908s ]
[ sql ] [ SQL ] SELECT COUNT(*) AS tp_count FROM `goods` `a` LEFT JOIN `cate` `c` ON `a`.`cate_id`=`c`.`id` LEFT JOIN `image` `d` ON `d`.`goods_id`=`a`.`goods_id` WHERE  `d`.`is_face` = 1 LIMIT 1 [ RunTime:0.000846s ]
[ sql ] [ SQL ] SELECT `a`.`goods_id`,`a`.`goods_name`,`a`.`sell_price`,`a`.`market_price`,`a`.`maketable`,`a`.`store`,`a`.`freez`,`a`.`recycle`,`a`.`last_modify`,`a`.`last_modify_id`,`c`.`name`,`d`.`is_face`,`d`.`image_url` FROM `goods` `a` LEFT JOIN `cate` `c` ON `a`.`cate_id`=`c`.`id` LEFT JOIN `image` `d` ON `d`.`goods_id`=`a`.`goods_id` WHERE  `d`.`is_face` = 1 LIMIT 0,6 [ RunTime:0.000663s ]
---------------------------------------------------------------
[ 2019-02-14T14:57:47+08:00 ] ::1 ::1 GET /admin/upload/index.html
[ info ] localhost/admin/upload/index.html [运行时间：0.031100s][吞吐率：32.15req/s] [内存消耗：1,852.98kb] [文件加载：48]
[ info ] [ LANG ] /Users/ldx/WebstormProjects/luodexun/thinkphp/lang/zh-cn.php
[ info ] [ ROUTE ] array (
  'type' => 'module',
  'module' => 
  array (
    0 => 'admin',
    1 => 'upload',
    2 => 'index',
  ),
)
[ info ] [ HEADER ] array (
  'host' => 'localhost',
  'connection' => 'keep-alive',
  'upgrade-insecure-requests' => '1',
  'user-agent' => 'Mozilla/5.0 (Macintosh; Intel Mac OS X 10_14_0) AppleWebKit/537.36 (KHTML, like Gecko) Chrome/69.0.3497.100 Safari/537.36',
  'accept' => 'text/html,application/xhtml+xml,application/xml;q=0.9,image/webp,image/apng,*/*;q=0.8',
  'referer' => 'http://localhost/admin/goods/index.html',
  'accept-encoding' => 'gzip, deflate, br',
  'accept-language' => 'en-US,en;q=0.9,zh-CN;q=0.8,zh;q=0.7',
  'cookie' => 'Webstorm-b65bffee=f4a2faf8-b6a5-48b9-bfc9-4dddad95e535; _ga=GA1.1.266080130.1541411680; PHPSESSID=tf8m4prg779op0ri80dd0d9a6s',
)
[ info ] [ PARAM ] array (
)
[ info ] [ SESSION ] INIT array (
  'id' => '',
  'var_session_id' => '',
  'prefix' => 'think',
  'type' => '',
  'auto_start' => true,
)
[ info ] [ RUN ] app\admin\controller\Upload->index[ /Users/ldx/WebstormProjects/luodexun/application/admin/controller/Upload.php ]
[ info ] [ VIEW ] /Users/ldx/WebstormProjects/luodexun/public/../application/admin/view/Admin/list.html [ array (
  0 => 'uid',
  1 => 'adminInfo',
  2 => 'ossTitle',
) ]
[ info ] [ RUN ] app\admin\widget\Common->header[ /Users/ldx/WebstormProjects/luodexun/application/admin/widget/Common.php ]
[ info ] [ VIEW ] /Users/ldx/WebstormProjects/luodexun/public/../application/admin/view/common/header.html [ array (
  0 => 'uid',
  1 => 'adminInfo',
  2 => 'ossTitle',
) ]
[ info ] [ RUN ] app\admin\widget\Common->left[ /Users/ldx/WebstormProjects/luodexun/application/admin/widget/Common.php ]
[ info ] [ VIEW ] /Users/ldx/WebstormProjects/luodexun/public/../application/admin/view/common/left.html [ array (
  0 => 'uid',
  1 => 'adminInfo',
  2 => 'ossTitle',
) ]
[ info ] [ RUN ] app\admin\widget\Common->upload[ /Users/ldx/WebstormProjects/luodexun/application/admin/widget/Common.php ]
[ info ] [ VIEW ] /Users/ldx/WebstormProjects/luodexun/public/../application/admin/view/common/upload.html [ array (
  0 => 'uid',
  1 => 'adminInfo',
  2 => 'ossTitle',
) ]
[ info ] [ LOG ] INIT File
---------------------------------------------------------------
[ 2019-02-14T14:57:49+08:00 ] ::1 ::1 GET /admin/admin/index.html
[ info ] localhost/admin/admin/index.html [运行时间：0.046092s][吞吐率：21.70req/s] [内存消耗：2,944.14kb] [文件加载：59]
[ info ] [ LANG ] /Users/ldx/WebstormProjects/luodexun/thinkphp/lang/zh-cn.php
[ info ] [ ROUTE ] array (
  'type' => 'module',
  'module' => 
  array (
    0 => 'admin',
    1 => 'admin',
    2 => 'index',
  ),
)
[ info ] [ HEADER ] array (
  'host' => 'localhost',
  'connection' => 'keep-alive',
  'upgrade-insecure-requests' => '1',
  'user-agent' => 'Mozilla/5.0 (Macintosh; Intel Mac OS X 10_14_0) AppleWebKit/537.36 (KHTML, like Gecko) Chrome/69.0.3497.100 Safari/537.36',
  'accept' => 'text/html,application/xhtml+xml,application/xml;q=0.9,image/webp,image/apng,*/*;q=0.8',
  'referer' => 'http://localhost/admin/upload/index.html',
  'accept-encoding' => 'gzip, deflate, br',
  'accept-language' => 'en-US,en;q=0.9,zh-CN;q=0.8,zh;q=0.7',
  'cookie' => 'Webstorm-b65bffee=f4a2faf8-b6a5-48b9-bfc9-4dddad95e535; _ga=GA1.1.266080130.1541411680; PHPSESSID=tf8m4prg779op0ri80dd0d9a6s',
)
[ info ] [ PARAM ] array (
)
[ info ] [ SESSION ] INIT array (
  'id' => '',
  'var_session_id' => '',
  'prefix' => 'think',
  'type' => '',
  'auto_start' => true,
)
[ info ] [ RUN ] app\admin\controller\Admin->index[ /Users/ldx/WebstormProjects/luodexun/application/admin/controller/Admin.php ]
[ info ] [ DB ] INIT mysql
[ info ] [ VIEW ] /Users/ldx/WebstormProjects/luodexun/public/../application/admin/view/Admin/list.html [ array (
  0 => 'uid',
  1 => 'adminInfo',
  2 => 'indexData',
) ]
[ info ] [ RUN ] app\admin\widget\Common->header[ /Users/ldx/WebstormProjects/luodexun/application/admin/widget/Common.php ]
[ info ] [ VIEW ] /Users/ldx/WebstormProjects/luodexun/public/../application/admin/view/common/header.html [ array (
  0 => 'uid',
  1 => 'adminInfo',
  2 => 'indexData',
) ]
[ info ] [ RUN ] app\admin\widget\Common->left[ /Users/ldx/WebstormProjects/luodexun/application/admin/widget/Common.php ]
[ info ] [ VIEW ] /Users/ldx/WebstormProjects/luodexun/public/../application/admin/view/common/left.html [ array (
  0 => 'uid',
  1 => 'adminInfo',
  2 => 'indexData',
) ]
[ info ] [ RUN ] app\admin\widget\Common->lis[ /Users/ldx/WebstormProjects/luodexun/application/admin/widget/Common.php ]
[ info ] [ VIEW ] /Users/ldx/WebstormProjects/luodexun/public/../application/admin/view/common/list.html [ array (
  0 => 'uid',
  1 => 'adminInfo',
  2 => 'indexData',
) ]
[ info ] [ LOG ] INIT File
[ sql ] [ DB ] CONNECT:[ UseTime:0.000559s ] mysql:host=127.0.0.1;port=3306;dbname=ldx;charset=utf8
[ sql ] [ SQL ] SHOW COLUMNS FROM `admin` [ RunTime:0.000746s ]
[ sql ] [ SQL ] SELECT COUNT(*) AS tp_count FROM `admin` LIMIT 1 [ RunTime:0.000401s ]
[ sql ] [ SQL ] SELECT * FROM `admin` LIMIT 0,6 [ RunTime:0.000469s ]
---------------------------------------------------------------
[ 2019-02-14T14:58:11+08:00 ] ::1 ::1 GET /admin/document/index.html
[ info ] localhost/admin/document/index.html [运行时间：0.039661s][吞吐率：25.21req/s] [内存消耗：1,407.62kb] [文件加载：38]
[ info ] [ LANG ] /Users/ldx/WebstormProjects/luodexun/thinkphp/lang/zh-cn.php
[ info ] [ ROUTE ] array (
  'type' => 'module',
  'module' => 
  array (
    0 => 'admin',
    1 => 'document',
    2 => 'index',
  ),
)
[ info ] [ HEADER ] array (
  'host' => 'localhost',
  'connection' => 'keep-alive',
  'upgrade-insecure-requests' => '1',
  'user-agent' => 'Mozilla/5.0 (Macintosh; Intel Mac OS X 10_14_0) AppleWebKit/537.36 (KHTML, like Gecko) Chrome/69.0.3497.100 Safari/537.36',
  'accept' => 'text/html,application/xhtml+xml,application/xml;q=0.9,image/webp,image/apng,*/*;q=0.8',
  'referer' => 'http://localhost/admin/admin/index.html',
  'accept-encoding' => 'gzip, deflate, br',
  'accept-language' => 'en-US,en;q=0.9,zh-CN;q=0.8,zh;q=0.7',
  'cookie' => 'Webstorm-b65bffee=f4a2faf8-b6a5-48b9-bfc9-4dddad95e535; _ga=GA1.1.266080130.1541411680; PHPSESSID=tf8m4prg779op0ri80dd0d9a6s',
)
[ info ] [ PARAM ] array (
)
[ info ] [ LOG ] INIT File
---------------------------------------------------------------
[ 2019-02-14T14:58:14+08:00 ] ::1 ::1 GET /admin/admin/index.html
[ info ] localhost/admin/admin/index.html [运行时间：0.049635s][吞吐率：20.15req/s] [内存消耗：2,944.14kb] [文件加载：59]
[ info ] [ LANG ] /Users/ldx/WebstormProjects/luodexun/thinkphp/lang/zh-cn.php
[ info ] [ ROUTE ] array (
  'type' => 'module',
  'module' => 
  array (
    0 => 'admin',
    1 => 'admin',
    2 => 'index',
  ),
)
[ info ] [ HEADER ] array (
  'host' => 'localhost',
  'connection' => 'keep-alive',
  'upgrade-insecure-requests' => '1',
  'user-agent' => 'Mozilla/5.0 (Macintosh; Intel Mac OS X 10_14_0) AppleWebKit/537.36 (KHTML, like Gecko) Chrome/69.0.3497.100 Safari/537.36',
  'accept' => 'text/html,application/xhtml+xml,application/xml;q=0.9,image/webp,image/apng,*/*;q=0.8',
  'referer' => 'http://localhost/admin/upload/index.html',
  'accept-encoding' => 'gzip, deflate, br',
  'accept-language' => 'en-US,en;q=0.9,zh-CN;q=0.8,zh;q=0.7',
  'cookie' => 'Webstorm-b65bffee=f4a2faf8-b6a5-48b9-bfc9-4dddad95e535; _ga=GA1.1.266080130.1541411680; PHPSESSID=tf8m4prg779op0ri80dd0d9a6s',
)
[ info ] [ PARAM ] array (
)
[ info ] [ SESSION ] INIT array (
  'id' => '',
  'var_session_id' => '',
  'prefix' => 'think',
  'type' => '',
  'auto_start' => true,
)
[ info ] [ RUN ] app\admin\controller\Admin->index[ /Users/ldx/WebstormProjects/luodexun/application/admin/controller/Admin.php ]
[ info ] [ DB ] INIT mysql
[ info ] [ VIEW ] /Users/ldx/WebstormProjects/luodexun/public/../application/admin/view/Admin/list.html [ array (
  0 => 'uid',
  1 => 'adminInfo',
  2 => 'indexData',
) ]
[ info ] [ RUN ] app\admin\widget\Common->header[ /Users/ldx/WebstormProjects/luodexun/application/admin/widget/Common.php ]
[ info ] [ VIEW ] /Users/ldx/WebstormProjects/luodexun/public/../application/admin/view/common/header.html [ array (
  0 => 'uid',
  1 => 'adminInfo',
  2 => 'indexData',
) ]
[ info ] [ RUN ] app\admin\widget\Common->left[ /Users/ldx/WebstormProjects/luodexun/application/admin/widget/Common.php ]
[ info ] [ VIEW ] /Users/ldx/WebstormProjects/luodexun/public/../application/admin/view/common/left.html [ array (
  0 => 'uid',
  1 => 'adminInfo',
  2 => 'indexData',
) ]
[ info ] [ RUN ] app\admin\widget\Common->lis[ /Users/ldx/WebstormProjects/luodexun/application/admin/widget/Common.php ]
[ info ] [ VIEW ] /Users/ldx/WebstormProjects/luodexun/public/../application/admin/view/common/list.html [ array (
  0 => 'uid',
  1 => 'adminInfo',
  2 => 'indexData',
) ]
[ info ] [ LOG ] INIT File
[ sql ] [ DB ] CONNECT:[ UseTime:0.000804s ] mysql:host=127.0.0.1;port=3306;dbname=ldx;charset=utf8
[ sql ] [ SQL ] SHOW COLUMNS FROM `admin` [ RunTime:0.000891s ]
[ sql ] [ SQL ] SELECT COUNT(*) AS tp_count FROM `admin` LIMIT 1 [ RunTime:0.000515s ]
[ sql ] [ SQL ] SELECT * FROM `admin` LIMIT 0,6 [ RunTime:0.000417s ]
---------------------------------------------------------------
[ 2019-02-14T14:58:26+08:00 ] ::1 ::1 GET /admin/admin/index.html
[ info ] localhost/admin/admin/index.html [运行时间：0.068091s][吞吐率：14.69req/s] [内存消耗：2,944.14kb] [文件加载：59]
[ info ] [ LANG ] /Users/ldx/WebstormProjects/luodexun/thinkphp/lang/zh-cn.php
[ info ] [ ROUTE ] array (
  'type' => 'module',
  'module' => 
  array (
    0 => 'admin',
    1 => 'admin',
    2 => 'index',
  ),
)
[ info ] [ HEADER ] array (
  'host' => 'localhost',
  'connection' => 'keep-alive',
  'upgrade-insecure-requests' => '1',
  'user-agent' => 'Mozilla/5.0 (Macintosh; Intel Mac OS X 10_14_0) AppleWebKit/537.36 (KHTML, like Gecko) Chrome/69.0.3497.100 Safari/537.36',
  'accept' => 'text/html,application/xhtml+xml,application/xml;q=0.9,image/webp,image/apng,*/*;q=0.8',
  'referer' => 'http://localhost/admin/upload/index.html',
  'accept-encoding' => 'gzip, deflate, br',
  'accept-language' => 'en-US,en;q=0.9,zh-CN;q=0.8,zh;q=0.7',
  'cookie' => 'Webstorm-b65bffee=f4a2faf8-b6a5-48b9-bfc9-4dddad95e535; _ga=GA1.1.266080130.1541411680; PHPSESSID=tf8m4prg779op0ri80dd0d9a6s',
)
[ info ] [ PARAM ] array (
)
[ info ] [ SESSION ] INIT array (
  'id' => '',
  'var_session_id' => '',
  'prefix' => 'think',
  'type' => '',
  'auto_start' => true,
)
[ info ] [ RUN ] app\admin\controller\Admin->index[ /Users/ldx/WebstormProjects/luodexun/application/admin/controller/Admin.php ]
[ info ] [ DB ] INIT mysql
[ info ] [ VIEW ] /Users/ldx/WebstormProjects/luodexun/public/../application/admin/view/Admin/list.html [ array (
  0 => 'uid',
  1 => 'adminInfo',
  2 => 'indexData',
) ]
[ info ] [ RUN ] app\admin\widget\Common->header[ /Users/ldx/WebstormProjects/luodexun/application/admin/widget/Common.php ]
[ info ] [ VIEW ] /Users/ldx/WebstormProjects/luodexun/public/../application/admin/view/common/header.html [ array (
  0 => 'uid',
  1 => 'adminInfo',
  2 => 'indexData',
) ]
[ info ] [ RUN ] app\admin\widget\Common->left[ /Users/ldx/WebstormProjects/luodexun/application/admin/widget/Common.php ]
[ info ] [ VIEW ] /Users/ldx/WebstormProjects/luodexun/public/../application/admin/view/common/left.html [ array (
  0 => 'uid',
  1 => 'adminInfo',
  2 => 'indexData',
) ]
[ info ] [ RUN ] app\admin\widget\Common->lis[ /Users/ldx/WebstormProjects/luodexun/application/admin/widget/Common.php ]
[ info ] [ VIEW ] /Users/ldx/WebstormProjects/luodexun/public/../application/admin/view/common/list.html [ array (
  0 => 'uid',
  1 => 'adminInfo',
  2 => 'indexData',
) ]
[ info ] [ LOG ] INIT File
[ sql ] [ DB ] CONNECT:[ UseTime:0.000740s ] mysql:host=127.0.0.1;port=3306;dbname=ldx;charset=utf8
[ sql ] [ SQL ] SHOW COLUMNS FROM `admin` [ RunTime:0.000766s ]
[ sql ] [ SQL ] SELECT COUNT(*) AS tp_count FROM `admin` LIMIT 1 [ RunTime:0.000357s ]
[ sql ] [ SQL ] SELECT * FROM `admin` LIMIT 0,6 [ RunTime:0.000434s ]
